<?xml version="1.0" encoding="UTF-8"?>
<!-- Generated by org.testng.reporters.JUnitReportReporter -->
<testsuite hostname="LIN-PF264LFY" failures="0" tests="1" name="MbTestRunner.MbBuyRunner" time="35.703" errors="0" timestamp="2024-04-18T15:12:03 IST" skipped="0">
  <testcase classname="MbTestRunner.MbBuyRunner" name="runScenario" time="35.703"/>
</testsuite> <!-- MbTestRunner.MbBuyRunner -->
